2020-01-02 09:29:21,691 - __main__ - DEBUG - Duplicate experiments detected.
2020-01-02 09:29:21,693 - __main__ - INFO - Estimated Calculation Time: 0:02:30
2020-01-02 09:30:02,029 - __main__ - DEBUG - Duplicate experiments detected.
2020-01-02 09:30:02,029 - __main__ - DEBUG - Duplicate experiments detected.
2020-01-02 09:30:02,031 - __main__ - INFO - Estimated Calculation Time: 0:02:30
2020-01-02 09:30:02,031 - __main__ - INFO - Estimated Calculation Time: 0:02:30
2020-01-02 09:30:20,296 - __main__ - DEBUG - Duplicate experiments detected.
2020-01-02 09:30:20,298 - __main__ - INFO - Estimated Calculation Time: 0:02:30
2020-01-02 09:30:26,326 - __main__ - DEBUG - Duplicate experiments detected.
2020-01-02 09:30:26,326 - __main__ - DEBUG - Duplicate experiments detected.
2020-01-02 09:30:26,328 - __main__ - INFO - Estimated Calculation Time: 0:02:30
2020-01-02 09:30:26,328 - __main__ - INFO - Estimated Calculation Time: 0:02:30
2020-01-02 09:31:39,951 - __main__ - DEBUG - Duplicate experiments detected.
2020-01-02 09:31:39,953 - __main__ - INFO - Estimated Calculation Time: 0:02:30
2020-01-02 09:33:45,581 - __main__ - DEBUG - Duplicate experiments detected.
2020-01-02 09:33:45,584 - __main__ - INFO - Estimated Calculation Time: 0:02:30
2020-01-02 09:34:09,904 - __main__ - DEBUG - Duplicate experiments detected.
2020-01-02 09:34:09,905 - __main__ - INFO - Estimated Calculation Time: 0:02:30
2020-01-02 09:35:30,555 - __main__ - DEBUG - Duplicate experiments detected.
2020-01-02 09:35:30,557 - __main__ - INFO - Estimated Calculation Time: 0:02:30
2020-01-02 09:46:05,117 - __main__ - DEBUG - Duplicate experiments detected.
2020-01-02 09:46:05,118 - __main__ - INFO - Estimated Calculation Time: 0:02:30
2020-01-02 10:06:48,018 - __main__ - DEBUG - Duplicate experiments detected.
2020-01-02 10:06:48,019 - __main__ - INFO - Estimated Calculation Time: 0:02:30
2020-01-02 10:21:11,927 - __main__ - DEBUG - Duplicate experiments detected.
2020-01-02 10:21:11,929 - __main__ - INFO - Estimated Calculation Time: 0:02:30
2020-01-02 10:22:21,652 - __main__ - DEBUG - Duplicate experiments detected.
2020-01-02 10:22:21,654 - __main__ - INFO - Estimated Calculation Time: 0:02:30
2020-01-02 10:23:10,732 - __main__ - DEBUG - Duplicate experiments detected.
2020-01-02 10:23:10,733 - __main__ - INFO - Estimated Calculation Time: 0:02:30
2020-01-02 10:23:53,283 - __main__ - DEBUG - Duplicate experiments detected.
2020-01-02 10:23:53,285 - __main__ - INFO - Estimated Calculation Time: 0:02:30
2020-01-02 10:24:51,278 - __main__ - DEBUG - Duplicate experiments detected.
2020-01-02 10:24:51,280 - __main__ - INFO - Estimated Calculation Time: 0:02:30
2020-01-02 10:25:34,020 - __main__ - DEBUG - Duplicate experiments detected.
2020-01-02 10:25:34,021 - __main__ - INFO - Estimated Calculation Time: 0:02:30
2020-01-02 10:26:46,713 - __main__ - DEBUG - Duplicate experiments detected.
2020-01-02 10:26:46,715 - __main__ - INFO - Estimated Calculation Time: 0:02:30
2020-01-02 10:30:24,696 - __main__ - DEBUG - Duplicate experiments detected.
2020-01-02 10:30:24,698 - __main__ - INFO - Estimated Calculation Time: 0:02:30
2020-01-02 10:30:46,359 - __main__ - DEBUG - Duplicate experiments detected.
2020-01-02 10:30:46,361 - __main__ - INFO - Estimated Calculation Time: 0:02:30
2020-01-02 10:38:05,424 - __main__ - DEBUG - Duplicate experiments detected.
2020-01-02 10:38:05,425 - __main__ - INFO - Estimated Calculation Time: 0:02:30
2020-01-02 10:43:03,561 - __main__ - DEBUG - Duplicate experiments detected.
2020-01-02 10:43:03,562 - __main__ - INFO - Estimated Calculation Time: 0:02:30
2020-01-02 10:44:31,467 - __main__ - DEBUG - Duplicate experiments detected.
2020-01-02 10:44:31,468 - __main__ - INFO - Estimated Calculation Time: 0:02:30
2020-01-02 11:10:55,414 - __main__ - DEBUG - Duplicate experiments detected.
2020-01-02 11:10:55,415 - __main__ - INFO - Estimated Calculation Time: 0:02:30
2020-01-02 11:11:28,600 - __main__ - DEBUG - Duplicate experiments detected.
2020-01-02 11:11:28,602 - __main__ - INFO - Estimated Calculation Time: 0:02:30
2020-01-02 14:12:36,381 - __main__ - DEBUG - Duplicate experiments detected.
2020-01-02 14:12:36,383 - __main__ - INFO - Estimated Calculation Time: 0:02:30
2020-02-14 15:09:53,520 - __main__ - INFO - Estimated Calculation Time: 0:02:30
2020-02-14 15:13:06,901 - __main__ - INFO - Estimated Calculation Time: 0:02:30
2020-02-14 15:13:11,342 - __main__ - INFO - Estimated Calculation Time: 0:02:30
2020-02-14 15:23:04,744 - __main__ - INFO - Estimated Calculation Time: 0:02:30
2020-02-14 15:25:46,452 - __main__ - INFO - Estimated Calculation Time: 0:02:30
2020-02-14 15:25:57,923 - __main__ - INFO - Estimated Calculation Time: 0:02:30
2020-02-14 15:38:00,349 - __main__ - INFO - Estimated Calculation Time: 0:02:30
2020-02-14 15:38:24,458 - __main__ - INFO - Estimated Calculation Time: 0:02:30
2020-02-14 15:39:00,599 - __main__ - INFO - Estimated Calculation Time: 0:02:30
2020-02-14 15:40:06,230 - __main__ - INFO - Estimated Calculation Time: 0:02:30
2020-02-14 15:41:11,572 - __main__ - INFO - Estimated Calculation Time: 0:02:30
2020-02-14 15:45:54,667 - __main__ - INFO - Estimated Calculation Time: 0:02:30
2020-02-14 15:47:56,998 - __main__ - INFO - Starting 10 Calculations.
2020-02-14 15:47:57,001 - __main__ - INFO - 0%|          | 0/10 [00:00<?, ?it/s]
2020-02-14 15:48:07,080 - __main__ - INFO - 10%|#         | 1/10 [00:10<01:30, 10.08s/it]
2020-02-14 15:48:29,211 - __main__ - INFO - 20%|##        | 2/10 [00:32<01:49, 13.69s/it]
2020-02-14 15:48:54,337 - __main__ - INFO - 30%|###       | 3/10 [00:57<01:59, 17.12s/it]
2020-02-14 15:49:17,469 - __main__ - INFO - 40%|####      | 4/10 [01:20<01:53, 18.93s/it]
2020-02-14 15:49:40,610 - __main__ - INFO - 50%|#####     | 5/10 [01:43<01:40, 20.19s/it]
2020-02-14 15:50:03,759 - __main__ - INFO - 60%|######    | 6/10 [02:06<01:24, 21.08s/it]
2020-02-14 15:50:24,909 - __main__ - INFO - 70%|#######   | 7/10 [02:27<01:03, 21.10s/it]
2020-02-14 15:50:48,079 - __main__ - INFO - 80%|########  | 8/10 [02:51<00:43, 21.72s/it]
2020-02-14 15:51:02,164 - __main__ - INFO - 90%|######### | 9/10 [03:05<00:19, 19.43s/it]
2020-02-14 15:51:28,248 - __main__ - INFO - 100%|##########| 10/10 [03:31<00:00, 21.43s/it]
2020-02-14 15:51:28,248 - __main__ - INFO - 100%|##########| 10/10 [03:31<00:00, 21.12s/it]
2020-02-14 15:51:28,248 - __main__ - INFO - Calculations Complete after 0:03:31.252140
2020-05-12 11:47:46,346 - __main__ - INFO - Estimated Calculation Time: 0:02:30
2020-05-12 11:50:01,762 - __main__ - INFO - Estimated Calculation Time: 0:02:30
2020-05-12 12:04:23,476 - __main__ - INFO - Estimated Calculation Time: 0:02:30
